<?xml version="1.0" encoding="UTF-8"?>
<!-- Generated by org.testng.reporters.JUnitReportReporter -->
<testsuite hostname="Ravindras-MBP" failures="0" tests="1" name="pagetest.WelcomePageTest" time="3.846" errors="0" timestamp="2023-12-22T12:38:55 EST" skipped="0">
  <testcase classname="pagetest.WelcomePageTest" name="verifyheadingtext" time="3.846"/>
  <system-out/>
</testsuite> <!-- pagetest.WelcomePageTest -->
